<?xml version="1.0" encoding="UTF-8"?>
<!-- Generated by org.testng.reporters.JUnitXMLReporter -->
<testsuite hostname="Royal-PC" name="Test" tests="4" failures="0" timestamp="14 Feb 2021 11:25:15 GMT" time="68.269" errors="0">
  <testcase name="AmazonHomePageTitleVerification" time="28.246" classname="seleniumweb.Test_Myntra"/>
  <testcase name="AmazonSigninPageTitleVerification" time="9.978" classname="seleniumweb.Test_Myntra"/>
  <testcase name="AmazonHomePageTitleVerification" time="17.545" classname="seleniumweb.Test_Amazon"/>
  <testcase name="AmazonSigninPageTitleVerification" time="12.441" classname="seleniumweb.Test_Amazon"/>
</testsuite> <!-- Test -->
