<?xml version="1.0" encoding="UTF-8"?>
<!-- Generated by org.testng.reporters.JUnitXMLReporter -->
<testsuite hostname="Royal-PC" ignored="0" name="Test" tests="4" failures="0" timestamp="14 Feb 2021 11:38:31 GMT" time="71.842" errors="0">
  <testcase name="AmazonHomePageTitleVerification" time="25.217" classname="seleniumweb.Test_Myntra"/>
  <testcase name="AmazonSigninPageTitleVerification" time="17.22" classname="seleniumweb.Test_Myntra"/>
  <testcase name="AmazonHomePageTitleVerification" time="15.108" classname="seleniumweb.Test_Amazon"/>
  <testcase name="AmazonSigninPageTitleVerification" time="14.252" classname="seleniumweb.Test_Amazon"/>
</testsuite> <!-- Test -->
