<?xml version="1.0" encoding="UTF-8"?>
<testng-results skipped="0" failed="0" ignored="0" total="4" passed="4">
  <reporter-output>
  </reporter-output>
  <suite name="Suite" duration-ms="71842" started-at="2021-02-14T11:37:19Z" finished-at="2021-02-14T11:38:31Z">
    <groups>
    </groups>
    <test name="Test" duration-ms="71842" started-at="2021-02-14T11:37:19Z" finished-at="2021-02-14T11:38:31Z">
      <class name="seleniumweb.Test_Myntra">
        <test-method status="PASS" signature="AmazonHomePageTitleVerification()[pri:0, instance:seleniumweb.Test_Myntra@16d4b5c]" name="AmazonHomePageTitleVerification" duration-ms="25217" started-at="2021-02-14T11:37:19Z" finished-at="2021-02-14T11:37:44Z">
          <reporter-output>
          </reporter-output>
        </test-method> <!-- AmazonHomePageTitleVerification -->
        <test-method status="PASS" signature="AmazonSigninPageTitleVerification()[pri:0, instance:seleniumweb.Test_Myntra@16d4b5c]" name="AmazonSigninPageTitleVerification" duration-ms="17220" started-at="2021-02-14T11:37:44Z" finished-at="2021-02-14T11:38:01Z">
          <reporter-output>
          </reporter-output>
        </test-method> <!-- AmazonSigninPageTitleVerification -->
      </class> <!-- seleniumweb.Test_Myntra -->
      <class name="seleniumweb.Test_Amazon">
        <test-method status="PASS" signature="AmazonHomePageTitleVerification()[pri:0, instance:seleniumweb.Test_Amazon@100a15d]" name="AmazonHomePageTitleVerification" duration-ms="15108" started-at="2021-02-14T11:38:01Z" finished-at="2021-02-14T11:38:16Z">
          <reporter-output>
          </reporter-output>
        </test-method> <!-- AmazonHomePageTitleVerification -->
        <test-method status="PASS" signature="AmazonSigninPageTitleVerification()[pri:0, instance:seleniumweb.Test_Amazon@100a15d]" name="AmazonSigninPageTitleVerification" duration-ms="14252" started-at="2021-02-14T11:38:16Z" finished-at="2021-02-14T11:38:31Z">
          <reporter-output>
          </reporter-output>
        </test-method> <!-- AmazonSigninPageTitleVerification -->
      </class> <!-- seleniumweb.Test_Amazon -->
    </test> <!-- Test -->
  </suite> <!-- Suite -->
</testng-results>
