<?xml version="1.0" encoding="UTF-8"?>
<testng-results skipped="0" failed="0" total="4" passed="4">
  <reporter-output>
  </reporter-output>
  <suite name="Suite" duration-ms="68269" started-at="2021-02-14T11:24:07Z" finished-at="2021-02-14T11:25:15Z">
    <groups>
    </groups>
    <test name="Test" duration-ms="68269" started-at="2021-02-14T11:24:07Z" finished-at="2021-02-14T11:25:15Z">
      <class name="seleniumweb.Test_Myntra">
        <test-method status="PASS" signature="AmazonHomePageTitleVerification()[pri:0, instance:seleniumweb.Test_Myntra@4f787b]" name="AmazonHomePageTitleVerification" duration-ms="28246" started-at="2021-02-14T16:54:07Z" finished-at="2021-02-14T16:54:35Z">
          <reporter-output>
          </reporter-output>
        </test-method> <!-- AmazonHomePageTitleVerification -->
        <test-method status="PASS" signature="AmazonSigninPageTitleVerification()[pri:0, instance:seleniumweb.Test_Myntra@4f787b]" name="AmazonSigninPageTitleVerification" duration-ms="9978" started-at="2021-02-14T16:54:35Z" finished-at="2021-02-14T16:54:45Z">
          <reporter-output>
          </reporter-output>
        </test-method> <!-- AmazonSigninPageTitleVerification -->
      </class> <!-- seleniumweb.Test_Myntra -->
      <class name="seleniumweb.Test_Amazon">
        <test-method status="PASS" signature="AmazonHomePageTitleVerification()[pri:0, instance:seleniumweb.Test_Amazon@d62f43]" name="AmazonHomePageTitleVerification" duration-ms="17545" started-at="2021-02-14T16:54:45Z" finished-at="2021-02-14T16:55:03Z">
          <reporter-output>
          </reporter-output>
        </test-method> <!-- AmazonHomePageTitleVerification -->
        <test-method status="PASS" signature="AmazonSigninPageTitleVerification()[pri:0, instance:seleniumweb.Test_Amazon@d62f43]" name="AmazonSigninPageTitleVerification" duration-ms="12441" started-at="2021-02-14T16:55:03Z" finished-at="2021-02-14T16:55:15Z">
          <reporter-output>
          </reporter-output>
        </test-method> <!-- AmazonSigninPageTitleVerification -->
      </class> <!-- seleniumweb.Test_Amazon -->
    </test> <!-- Test -->
  </suite> <!-- Suite -->
</testng-results>
